GROUP,PACKAGE,CLASS,INSTRUCTION_MISSED,INSTRUCTION_COVERED,BRANCH_MISSED,BRANCH_COVERED,LINE_MISSED,LINE_COVERED,COMPLEXITY_MISSED,COMPLEXITY_COVERED,METHOD_MISSED,METHOD_COVERED
DupDetector,edu.odu.cs.cs350,Recommender,0,338,8,40,0,78,8,32,0,16
DupDetector,edu.odu.cs.cs350,Token,3,68,0,2,1,24,1,8,1,7
DupDetector,edu.odu.cs.cs350,DupDetector,97,0,8,0,25,0,6,0,2,0
DupDetector,edu.odu.cs.cs350,Output,3,334,0,20,2,72,0,22,0,12
DupDetector,edu.odu.cs.cs350,LexerAnalyzer,510,952,157,115,194,239,155,104,9,21
DupDetector,edu.odu.cs.cs350,TokenType,0,804,0,0,0,81,0,1,0,1
DupDetector,edu.odu.cs.cs350,TokenAnalyzer,4,75,1,3,2,18,1,7,0,6
DupDetector,edu.odu.cs.cs350,RecursiveSearch,16,145,1,17,5,27,1,12,0,4
DupDetector,edu.odu.cs.cs350,Refactoring,51,53,0,0,12,15,7,2,7,2
